<?xml version="1.0" encoding="UTF-8"?>
<!-- Generated by org.testng.reporters.JUnitXMLReporter -->
<testsuite ignored="0" hostname="DESKTOP-QMCSQFA" failures="0" tests="2" name="Test" time="0.565" errors="0" timestamp="2024-10-21T15:26:54 IST">
  <testcase classname="Base.BaseClass" name="@BeforeMethod setDriver" time="-1.729504613476E9">
    <failure type="org.testng.TestNGException" message="
Parameter &amp;apos;chrome&amp;apos; is required by BeforeMethod on method setDriver but has not been marked @Optional or defined
in F:\Appium\TestAutomationProject\testng.xml">
      <![CDATA[org.testng.TestNGException: 
Parameter 'chrome' is required by BeforeMethod on method setDriver but has not been marked @Optional or defined
in F:\Appium\TestAutomationProject\testng.xml
at java.base/java.util.ArrayList.forEach(ArrayList.java:1596)
... Removed 28 stack frames]]>
    </failure>
  </testcase> <!-- @BeforeMethod setDriver -->
  <testcase classname="Tests.LoginTest" name="@BeforeMethod launchURL" time="0.0">
    <skipped/>
  </testcase> <!-- @BeforeMethod launchURL -->
  <testcase classname="Base.BaseClass" name="@AfterMethod quitDriver" time="0.0">
    <skipped/>
  </testcase> <!-- @AfterMethod quitDriver -->
  <testcase classname="Base.BaseClass" name="@BeforeMethod setDriver" time="0.0">
    <skipped/>
  </testcase> <!-- @BeforeMethod setDriver -->
  <testcase classname="Tests.LoginTest" name="@BeforeMethod launchURL" time="0.0">
    <skipped/>
  </testcase> <!-- @BeforeMethod launchURL -->
  <testcase classname="Base.BaseClass" name="@AfterMethod quitDriver" time="0.0">
    <skipped/>
  </testcase> <!-- @AfterMethod quitDriver -->
  <testcase classname="Tests.LoginTest" name="login" time="0.0">
    <skipped/>
  </testcase> <!-- login -->
  <testcase classname="Tests.LoginTest" name="login1" time="0.001">
    <skipped/>
  </testcase> <!-- login1 -->
</testsuite> <!-- Test -->
